<?xml version="1.0" encoding="UTF-8"?>
<testsuite name="org.jrimum.vallia.digitoverificador.TestBoletoLinhaDigitavelDV" time="0" tests="8" errors="0" skipped="0" failures="0">
  <properties>
[...]
</properties>
  <testcase name="quandoNumeroNullDisparaExcecao" classname="org.jrimum.vallia.digitoverificador.TestBoletoLinhaDigitavelDV" time="0"/>
  <testcase name="seNumeroComPontoMaiorQue10DigitosDisparaExcecao" classname="org.jrimum.vallia.digitoverificador.TestBoletoLinhaDigitavelDV" time="0"/>
  <testcase name="seNumeroComPontoMenorQue9DigitosDisparaExcecao" classname="org.jrimum.vallia.digitoverificador.TestBoletoLinhaDigitavelDV" time="0"/>
  <testcase name="quandoNumeroNoFormatoCorretoCalculaDigitoCorretamente_String" classname="org.jrimum.vallia.digitoverificador.TestBoletoLinhaDigitavelDV" time="0"/>
  <testcase name="seNumeroSemPontoMenorQue9DigitosDisparaExcecao" classname="org.jrimum.vallia.digitoverificador.TestBoletoLinhaDigitavelDV" time="0"/>
  <testcase name="quandoStringComLetrasDisparaExcecao" classname="org.jrimum.vallia.digitoverificador.TestBoletoLinhaDigitavelDV" time="0"/>
  <testcase name="quandoNumeroNoFormatoCorretoCalculaDigitoCorretamente_Long" classname="org.jrimum.vallia.digitoverificador.TestBoletoLinhaDigitavelDV" time="0"/>
  <testcase name="seNumeroSemPontoMaiorQue10DigitosDisparaExcecao" classname="org.jrimum.vallia.digitoverificador.TestBoletoLinhaDigitavelDV" time="0"/>
</testsuite>